<?xml version="1.0" encoding="UTF-8"?>
<!-- Generated by org.testng.reporters.JUnitReportReporter -->
<testsuite hostname="DESKTOP-KKKPQQ1" failures="0" tests="1" name="testngpractice.testclasswithTestng" time="2.782" errors="0" timestamp="2023-01-20T16:47:27 IST" skipped="0">
  <testcase classname="testngpractice.testclasswithTestng" name="validation" time="2.782"/>
  <system-out>
    <![CDATA[valid user]]>
  </system-out>
</testsuite> <!-- testngpractice.testclasswithTestng -->
