<?xml version="1.0" encoding="UTF-8"?>
<!-- Generated by org.testng.reporters.JUnitReportReporter -->
<testsuite hostname="DESKTOP-KKKPQQ1" failures="0" tests="3" name="parellelTesting.class1" time="12.539" errors="0" timestamp="2022-11-25T22:47:54 IST" skipped="0">
  <testcase classname="parellelTesting.class1" name="openAmazon" time="5.470"/>
  <system-out/>
  <testcase classname="parellelTesting.class1" name="openFacebook" time="2.285"/>
  <system-out/>
  <testcase classname="parellelTesting.class1" name="openFlipkart" time="4.784"/>
  <system-out/>
</testsuite> <!-- parellelTesting.class1 -->
