<?xml version="1.0" encoding="UTF-8"?>
<!-- Generated by org.testng.reporters.JUnitReportReporter -->
<testsuite hostname="DESKTOP-KKKPQQ1" failures="0" tests="1" name="parellelTesting.class2" time="4.945" errors="0" timestamp="2022-11-25T22:47:54 IST" skipped="0">
  <testcase classname="parellelTesting.class2" name="openGoogle" time="4.945"/>
  <system-out/>
</testsuite> <!-- parellelTesting.class2 -->
