<?xml version="1.0" encoding="UTF-8"?>
<!-- Generated by org.testng.reporters.JUnitReportReporter -->
<testsuite hostname="DESKTOP-KKKPQQ1" failures="0" tests="1" name="POM_withtestng.Testclasswith_testng" time="9.791" errors="0" timestamp="2022-12-05T18:43:56 IST" skipped="0">
  <testcase classname="POM_withtestng.Testclasswith_testng" name="userValidation" time="9.791"/>
  <system-out/>
</testsuite> <!-- POM_withtestng.Testclasswith_testng -->
