<?xml version="1.0" encoding="UTF-8"?>
<!-- Generated by org.testng.reporters.JUnitReportReporter -->
<testsuite hostname="DESKTOP-KKKPQQ1" failures="0" tests="2" name="testNGexample.example2" time="51.197" errors="0" timestamp="2022-11-21T17:31:04 IST" skipped="0">
  <testcase classname="testNGexample.example2" name="openFlipkart" time="45.624"/>
  <system-out/>
  <testcase classname="testNGexample.example2" name="openAmazon" time="5.573"/>
  <system-out/>
</testsuite> <!-- testNGexample.example2 -->
