<?xml version="1.0" encoding="UTF-8"?>
<!-- Generated by org.testng.reporters.JUnitReportReporter -->
<testsuite hostname="DESKTOP-KKKPQQ1" failures="0" tests="4" name="TestNG_keyword.dependsonmethods" time="0.011" errors="0" timestamp="2022-11-21T22:35:06 IST" skipped="0">
  <testcase classname="TestNG_keyword.dependsonmethods" name="cart" time="0.001"/>
  <system-out>
    <![CDATA[Adding some stuff to cart]]>
  </system-out>
  <testcase classname="TestNG_keyword.dependsonmethods" name="login" time="0.008"/>
  <system-out>
    <![CDATA[login into application]]>
  </system-out>
  <testcase classname="TestNG_keyword.dependsonmethods" name="Buy" time="0.001"/>
  <system-out>
    <![CDATA[Buying new stuff]]>
  </system-out>
  <testcase classname="TestNG_keyword.dependsonmethods" name="logout" time="0.001"/>
  <system-out>
    <![CDATA[Logout from the application]]>
  </system-out>
</testsuite> <!-- TestNG_keyword.dependsonmethods -->
