<?xml version="1.0" encoding="UTF-8"?>
<!-- Generated by org.testng.reporters.JUnitReportReporter -->
<testsuite hostname="DESKTOP-KKKPQQ1" failures="0" tests="3" name="TestNG_keyword.disabledgroups" time="0.013" errors="0" timestamp="2022-11-29T22:42:13 IST" skipped="0">
  <testcase classname="TestNG_keyword.disabledgroups" name="TC1" time="0.010"/>
  <system-out>
    <![CDATA[Test case 1 is running]]>
  </system-out>
  <testcase classname="TestNG_keyword.disabledgroups" name="TC4" time="0.001"/>
  <system-out>
    <![CDATA[Test case 4 is running]]>
  </system-out>
  <testcase classname="TestNG_keyword.disabledgroups" name="TC3" time="0.002"/>
  <system-out>
    <![CDATA[Test case 3 is running]]>
  </system-out>
</testsuite> <!-- TestNG_keyword.disabledgroups -->
