<?xml version="1.0" encoding="UTF-8"?>
<!-- Generated by org.testng.reporters.JUnitReportReporter -->
<testsuite hostname="DESKTOP-KKKPQQ1" failures="0" tests="4" name="TestNG_keyword.invocationcount" time="0.005" errors="0" timestamp="2022-11-21T22:35:06 IST" skipped="0">
  <testcase classname="TestNG_keyword.invocationcount" name="TC1" time="0.001"/>
  <system-out>
    <![CDATA[Test case 1 is running]]>
  </system-out>
  <testcase classname="TestNG_keyword.invocationcount" name="TC2" time="0.001"/>
  <system-out>
    <![CDATA[Test case 2 is running]]>
  </system-out>
  <testcase classname="TestNG_keyword.invocationcount" name="TC1" time="0.001"/>
  <system-out>
    <![CDATA[Test case 1 is running]]>
  </system-out>
  <testcase classname="TestNG_keyword.invocationcount" name="TC1" time="0.002"/>
  <system-out>
    <![CDATA[Test case 1 is running]]>
  </system-out>
</testsuite> <!-- TestNG_keyword.invocationcount -->
