<?xml version="1.0" encoding="UTF-8"?>
<!-- Generated by org.testng.reporters.JUnitReportReporter -->
<testsuite hostname="DESKTOP-KKKPQQ1" failures="0" tests="1" name="pOM_DDF_TestNG_Baseclass_utilityclass.Testclasswith_testng" time="9.807" errors="0" timestamp="2022-12-05T19:07:22 IST" skipped="0">
  <testcase classname="pOM_DDF_TestNG_Baseclass_utilityclass.Testclasswith_testng" name="userValidation" time="9.807"/>
  <system-out/>
</testsuite> <!-- pOM_DDF_TestNG_Baseclass_utilityclass.Testclasswith_testng -->
