<?xml version="1.0" encoding="UTF-8"?>
<!-- Generated by org.testng.reporters.JUnitReportReporter -->
<testsuite hostname="DESKTOP-KKKPQQ1" failures="0" tests="2" name="TestNG_keyword.enabled" time="0.001" errors="0" timestamp="2022-11-21T22:35:06 IST" skipped="1">
  <testcase classname="TestNG_keyword.enabled" name="TC2" time="0.001"/>
  <system-out>
    <![CDATA[Test case 2 is running]]>
  </system-out>
  <testcase classname="TestNG_keyword.enabled" name="TC1">
    <skipped/>
  </testcase> <!-- TC1 -->
  <system-out/>
</testsuite> <!-- TestNG_keyword.enabled -->
