<?xml version="1.0" encoding="UTF-8"?>
<!-- Generated by org.testng.reporters.JUnitReportReporter -->
<testsuite hostname="DESKTOP-KKKPQQ1" failures="0" tests="5" name="TestNG_keyword.priority" time="0.005" errors="0" timestamp="2022-11-21T22:35:06 IST" skipped="0">
  <testcase classname="TestNG_keyword.priority" name="TC5" time="0.001"/>
  <system-out>
    <![CDATA[Test case 5 is running]]>
  </system-out>
  <testcase classname="TestNG_keyword.priority" name="TC2" time="0.001"/>
  <system-out>
    <![CDATA[Test case 2 is running]]>
  </system-out>
  <testcase classname="TestNG_keyword.priority" name="TC4" time="0.002"/>
  <system-out>
    <![CDATA[Test case 4 is running]]>
  </system-out>
  <testcase classname="TestNG_keyword.priority" name="TC3" time="0.001"/>
  <system-out>
    <![CDATA[Test case 3 is running]]>
  </system-out>
  <testcase classname="TestNG_keyword.priority" name="TC1" time="0.000"/>
  <system-out>
    <![CDATA[Test case 1 is running]]>
  </system-out>
</testsuite> <!-- TestNG_keyword.priority -->
