<?xml version="1.0" encoding="UTF-8"?>
<!-- Generated by org.testng.reporters.JUnitReportReporter -->
<testsuite hostname="DESKTOP-KKKPQQ1" failures="0" tests="2" name="testNGexample.reporterlog_demo" time="31.207" errors="0" timestamp="2022-11-21T17:41:53 IST" skipped="0">
  <testcase classname="testNGexample.reporterlog_demo" name="openAmazon" time="5.090"/>
  <system-out>
    <![CDATA[open amazon application]]>
  </system-out>
  <testcase classname="testNGexample.reporterlog_demo" name="openFlipkart" time="26.117"/>
  <system-out>
    <![CDATA[open flipkart application]]>
  </system-out>
</testsuite> <!-- testNGexample.reporterlog_demo -->
